{"C:\\Users\\bruno\\Documents\\projects\\fiap\\tc-4-producao\\src\\controllers\\producaoController.js": {"path":"C:\\Users\\bruno\\Documents\\projects\\fiap\\tc-4-producao\\src\\controllers\\producaoController.js","statementMap":{"0":{"start":{"line":2,"column":18},"end":{"line":2,"column":41}},"1":{"start":{"line":3,"column":21},"end":{"line":3,"column":39}},"2":{"start":{"line":5,"column":23},"end":{"line":5,"column":76}},"3":{"start":{"line":8,"column":0},"end":{"line":73,"column":2}},"4":{"start":{"line":37,"column":2},"end":{"line":72,"column":3}},"5":{"start":{"line":38,"column":15},"end":{"line":38,"column":22}},"6":{"start":{"line":39,"column":34},"end":{"line":39,"column":42}},"7":{"start":{"line":42,"column":4},"end":{"line":49,"column":5}},"8":{"start":{"line":43,"column":6},"end":{"line":48,"column":11}},"9":{"start":{"line":51,"column":23},"end":{"line":56,"column":5}},"10":{"start":{"line":58,"column":19},"end":{"line":58,"column":71}},"11":{"start":{"line":59,"column":4},"end":{"line":64,"column":9}},"12":{"start":{"line":66,"column":4},"end":{"line":71,"column":9}},"13":{"start":{"line":76,"column":0},"end":{"line":95,"column":2}},"14":{"start":{"line":80,"column":2},"end":{"line":94,"column":3}},"15":{"start":{"line":81,"column":15},"end":{"line":81,"column":22}},"16":{"start":{"line":82,"column":17},"end":{"line":85,"column":16}},"17":{"start":{"line":86,"column":4},"end":{"line":86,"column":31}},"18":{"start":{"line":88,"column":4},"end":{"line":93,"column":9}},"19":{"start":{"line":98,"column":0},"end":{"line":114,"column":2}},"20":{"start":{"line":102,"column":2},"end":{"line":113,"column":3}},"21":{"start":{"line":103,"column":15},"end":{"line":103,"column":22}},"22":{"start":{"line":104,"column":20},"end":{"line":104,"column":69}},"23":{"start":{"line":105,"column":4},"end":{"line":105,"column":34}},"24":{"start":{"line":107,"column":4},"end":{"line":112,"column":9}},"25":{"start":{"line":117,"column":0},"end":{"line":178,"column":2}},"26":{"start":{"line":138,"column":2},"end":{"line":177,"column":3}},"27":{"start":{"line":139,"column":15},"end":{"line":139,"column":22}},"28":{"start":{"line":140,"column":19},"end":{"line":140,"column":29}},"29":{"start":{"line":141,"column":23},"end":{"line":141,"column":31}},"30":{"start":{"line":143,"column":4},"end":{"line":145,"column":5}},"31":{"start":{"line":144,"column":6},"end":{"line":144,"column":73}},"32":{"start":{"line":147,"column":4},"end":{"line":155,"column":5}},"33":{"start":{"line":148,"column":6},"end":{"line":154,"column":11}},"34":{"start":{"line":157,"column":19},"end":{"line":163,"column":7}},"35":{"start":{"line":165,"column":4},"end":{"line":167,"column":5}},"36":{"start":{"line":166,"column":6},"end":{"line":166,"column":73}},"37":{"start":{"line":169,"column":4},"end":{"line":169,"column":33}},"38":{"start":{"line":171,"column":4},"end":{"line":176,"column":9}}},"fnMap":{"0":{"name":"(anonymous_0)","decl":{"start":{"line":8,"column":22},"end":{"line":8,"column":23}},"loc":{"start":{"line":8,"column":42},"end":{"line":73,"column":1}},"line":8},"1":{"name":"(anonymous_1)","decl":{"start":{"line":76,"column":21},"end":{"line":76,"column":22}},"loc":{"start":{"line":76,"column":41},"end":{"line":95,"column":1}},"line":76},"2":{"name":"(anonymous_2)","decl":{"start":{"line":98,"column":22},"end":{"line":98,"column":23}},"loc":{"start":{"line":98,"column":42},"end":{"line":114,"column":1}},"line":98},"3":{"name":"(anonymous_3)","decl":{"start":{"line":117,"column":26},"end":{"line":117,"column":27}},"loc":{"start":{"line":117,"column":46},"end":{"line":178,"column":1}},"line":117}},"branchMap":{"0":{"loc":{"start":{"line":42,"column":4},"end":{"line":49,"column":5}},"type":"if","locations":[{"start":{"line":42,"column":4},"end":{"line":49,"column":5}},{"start":{},"end":{}}],"line":42},"1":{"loc":{"start":{"line":42,"column":8},"end":{"line":42,"column":76}},"type":"binary-expr","locations":[{"start":{"line":42,"column":8},"end":{"line":42,"column":19}},{"start":{"line":42,"column":23},"end":{"line":42,"column":29}},{"start":{"line":42,"column":33},"end":{"line":42,"column":54}},{"start":{"line":42,"column":58},"end":{"line":42,"column":76}}],"line":42},"2":{"loc":{"start":{"line":143,"column":4},"end":{"line":145,"column":5}},"type":"if","locations":[{"start":{"line":143,"column":4},"end":{"line":145,"column":5}},{"start":{},"end":{}}],"line":143},"3":{"loc":{"start":{"line":147,"column":4},"end":{"line":155,"column":5}},"type":"if","locations":[{"start":{"line":147,"column":4},"end":{"line":155,"column":5}},{"start":{},"end":{}}],"line":147},"4":{"loc":{"start":{"line":147,"column":8},"end":{"line":147,"column":51}},"type":"binary-expr","locations":[{"start":{"line":147,"column":8},"end":{"line":147,"column":15}},{"start":{"line":147,"column":19},"end":{"line":147,"column":51}}],"line":147},"5":{"loc":{"start":{"line":165,"column":4},"end":{"line":167,"column":5}},"type":"if","locations":[{"start":{"line":165,"column":4},"end":{"line":167,"column":5}},{"start":{},"end":{}}],"line":165}},"s":{"0":1,"1":1,"2":1,"3":1,"4":2,"5":2,"6":2,"7":2,"8":1,"9":1,"10":1,"11":1,"12":0,"13":1,"14":1,"15":1,"16":1,"17":1,"18":0,"19":1,"20":0,"21":0,"22":0,"23":0,"24":0,"25":1,"26":2,"27":2,"28":2,"29":2,"30":2,"31":0,"32":2,"33":0,"34":2,"35":2,"36":1,"37":1,"38":0},"f":{"0":2,"1":1,"2":0,"3":2},"b":{"0":[1,1],"1":[2,2,1,1],"2":[0,2],"3":[0,2],"4":[2,2],"5":[1,1]},"_coverageSchema":"1a1c01bbd47fc00a2c39e90264f33305004495a9","hash":"5d5cd3fd1d4e3feff2e57718e908df6877d22566"}
,"C:\\Users\\bruno\\Documents\\projects\\fiap\\tc-4-producao\\src\\routes\\producaoRoutes.js": {"path":"C:\\Users\\bruno\\Documents\\projects\\fiap\\tc-4-producao\\src\\routes\\producaoRoutes.js","statementMap":{"0":{"start":{"line":2,"column":16},"end":{"line":2,"column":34}},"1":{"start":{"line":3,"column":15},"end":{"line":3,"column":31}},"2":{"start":{"line":4,"column":27},"end":{"line":4,"column":71}},"3":{"start":{"line":7,"column":0},"end":{"line":7,"column":49}},"4":{"start":{"line":10,"column":0},"end":{"line":10,"column":51}},"5":{"start":{"line":13,"column":0},"end":{"line":13,"column":53}},"6":{"start":{"line":16,"column":0},"end":{"line":16,"column":62}},"7":{"start":{"line":18,"column":0},"end":{"line":18,"column":24}}},"fnMap":{},"branchMap":{},"s":{"0":1,"1":1,"2":1,"3":1,"4":1,"5":1,"6":1,"7":1},"f":{},"b":{},"_coverageSchema":"1a1c01bbd47fc00a2c39e90264f33305004495a9","hash":"2062d2f8212bf2d2a2e599b386110c96ce82a570"}
}
