TN:
SF:src\controllers\producaoController.js
FN:8,(anonymous_0)
FN:76,(anonymous_1)
FN:98,(anonymous_2)
FN:117,(anonymous_3)
FNF:4
FNH:3
FNDA:2,(anonymous_0)
FNDA:1,(anonymous_1)
FNDA:0,(anonymous_2)
FNDA:2,(anonymous_3)
DA:2,1
DA:3,1
DA:5,1
DA:8,1
DA:37,2
DA:38,2
DA:39,2
DA:42,2
DA:43,1
DA:51,1
DA:58,1
DA:59,1
DA:66,0
DA:76,1
DA:80,1
DA:81,1
DA:82,1
DA:86,1
DA:88,0
DA:98,1
DA:102,0
DA:103,0
DA:104,0
DA:105,0
DA:107,0
DA:117,1
DA:138,2
DA:139,2
DA:140,2
DA:141,2
DA:143,2
DA:144,0
DA:147,2
DA:148,0
DA:157,2
DA:165,2
DA:166,1
DA:169,1
DA:171,0
LF:39
LH:29
BRDA:42,0,0,1
BRDA:42,0,1,1
BRDA:42,1,0,2
BRDA:42,1,1,2
BRDA:42,1,2,1
BRDA:42,1,3,1
BRDA:143,2,0,0
BRDA:143,2,1,2
BRDA:147,3,0,0
BRDA:147,3,1,2
BRDA:147,4,0,2
BRDA:147,4,1,2
BRDA:165,5,0,1
BRDA:165,5,1,1
BRF:14
BRH:12
end_of_record
TN:
SF:src\routes\producaoRoutes.js
FNF:0
FNH:0
DA:2,1
DA:3,1
DA:4,1
DA:7,1
DA:10,1
DA:13,1
DA:16,1
DA:18,1
LF:8
LH:8
BRF:0
BRH:0
end_of_record
